Построение начато 02.10.2023 12:26:49.
     1>Проект "F:\лабылогика\lab2\2lab\2lab\2lab.vcxproj" в узле 2 (целевые объекты build).
     1>InitializeBuildStatus:
         Создание "Debug\2lab.unsuccessfulbuild", так как было задано "AlwaysCreate".
       ClCompile:
         C:\Program Files (x86)\Microsoft Visual Studio 10.0\VC\bin\CL.exe /c /ZI /nologo /W3 /WX- /Od /Oy- /D WIN32 /D _DEBUG /D _CONSOLE /D _UNICODE /D UNICODE /Gm /EHsc /RTC1 /MDd /GS /fp:precise /Zc:wchar_t /Zc:forScope /Fo"Debug\\" /Fd"Debug\vc100.pdb" /Gd /TP /analyze- /errorReport:prompt 2.cpp
         2.cpp
     1>f:\лабылогика\lab2\2lab\2lab\2.cpp(79): warning C4244: аргумент: преобразование "time_t" в "unsigned int", возможна потеря данных
       Link:
         C:\Program Files (x86)\Microsoft Visual Studio 10.0\VC\bin\link.exe /ERRORREPORT:PROMPT /OUT:"F:\лабылогика\lab2\2lab\2lab\Debug\2lab.exe" /INCREMENTAL:NO /NOLOGO kernel32.lib user32.lib gdi32.lib winspool.lib comdlg32.lib advapi32.lib shell32.lib ole32.lib oleaut32.lib uuid.lib odbc32.lib odbccp32.lib /MANIFEST /ManifestFile:"Debug\2lab.exe.intermediate.manifest" /MANIFESTUAC:"level='asInvoker' uiAccess='false'" /DEBUG /PDB:"F:\лабылогика\lab2\2lab\2lab\Debug\2lab.pdb" /SUBSYSTEM:CONSOLE /TLBID:1 /DYNAMICBASE /NXCOMPAT /IMPLIB:"F:\лабылогика\lab2\2lab\2lab\Debug\2lab.lib" /MACHINE:X86 Debug\1.obj
         Debug\2.obj
     1>1.obj : warning LNK4075: не учитывается "/EDITANDCONTINUE" из-за спецификации "/INCREMENTAL:NO"
         2lab.vcxproj -> F:\лабылогика\lab2\2lab\2lab\Debug\2lab.exe
       Manifest:
         C:\Program Files (x86)\Microsoft SDKs\Windows\v7.0A\bin\mt.exe /nologo /verbose /outputresource:"F:\лабылогика\lab2\2lab\2lab\Debug\2lab.exe;#1" /manifest Debug\2lab.exe.intermediate.manifest
       FinalizeBuildStatus:
         Файл "Debug\2lab.unsuccessfulbuild" удаляется.
         Обращение к "Debug\2lab.lastbuildstate".
     1>Построение проекта "F:\лабылогика\lab2\2lab\2lab\2lab.vcxproj" завершено (целевые объекты build).

Построение успешно завершено.

Затраченное время: 00:00:13.43
